<?xml version="1.0" encoding="UTF-8"?>
<!-- Generated by org.testng.reporters.JUnitXMLReporter -->
<testsuite ignored="0" hostname="DESKTOP-18ONK2T" failures="0" tests="4" name="Default test" time="22.307" errors="0" timestamp="2023-10-22T01:33:18 BDT">
  <testcase classname="automationPackage.FirstAutomation" name="testTitle" time="0.029"/>
  <testcase classname="automationPackage.FirstAutomation" name="login" time="4.498"/>
  <testcase classname="automationPackage.FirstAutomation" name="select" time="2.181"/>
  <testcase classname="automationPackage.FirstAutomation" name="checkout" time="7.952"/>
</testsuite> <!-- Default test -->
