<?xml version="1.0" encoding="UTF-8"?>
<testng-results ignored="0" total="4" passed="4" failed="0" skipped="0">
  <reporter-output>
  </reporter-output>
  <suite started-at="2023-10-22T01:32:56 BDT" name="Default suite" finished-at="2023-10-22T01:33:18 BDT" duration-ms="22307">
    <groups>
    </groups>
    <test started-at="2023-10-22T01:32:56 BDT" name="Default test" finished-at="2023-10-22T01:33:18 BDT" duration-ms="22307">
      <class name="automationPackage.FirstAutomation">
        <test-method is-config="true" signature="setup()[pri:0, instance:automationPackage.FirstAutomation@1040be71]" started-at="2023-10-22T01:32:56 BDT" name="setup" finished-at="2023-10-22T01:33:03 BDT" duration-ms="7492" status="PASS">
          <reporter-output>
          </reporter-output>
        </test-method> <!-- setup -->
        <test-method signature="testTitle()[pri:1, instance:automationPackage.FirstAutomation@1040be71]" started-at="2023-10-22T01:33:03 BDT" name="testTitle" finished-at="2023-10-22T01:33:03 BDT" duration-ms="29" status="PASS">
          <reporter-output>
          </reporter-output>
        </test-method> <!-- testTitle -->
        <test-method signature="login()[pri:2, instance:automationPackage.FirstAutomation@1040be71]" started-at="2023-10-22T01:33:03 BDT" name="login" finished-at="2023-10-22T01:33:08 BDT" duration-ms="4498" status="PASS">
          <reporter-output>
          </reporter-output>
        </test-method> <!-- login -->
        <test-method signature="select()[pri:3, instance:automationPackage.FirstAutomation@1040be71]" started-at="2023-10-22T01:33:08 BDT" name="select" finished-at="2023-10-22T01:33:10 BDT" duration-ms="2181" status="PASS">
          <reporter-output>
          </reporter-output>
        </test-method> <!-- select -->
        <test-method signature="checkout()[pri:4, instance:automationPackage.FirstAutomation@1040be71]" started-at="2023-10-22T01:33:10 BDT" name="checkout" finished-at="2023-10-22T01:33:18 BDT" duration-ms="7952" status="PASS">
          <reporter-output>
          </reporter-output>
        </test-method> <!-- checkout -->
      </class> <!-- automationPackage.FirstAutomation -->
    </test> <!-- Default test -->
  </suite> <!-- Default suite -->
</testng-results>
